<?xml version="1.0" encoding="UTF-8"?>
<!-- Generated by org.testng.reporters.JUnitReportReporter -->
<testsuite skipped="0" hostname="DESKTOP-9NH6BU8" name="com.mercury.qa.testcases.FlightFinderTest" tests="1" failures="0" timestamp="22 Jul 2018 05:34:56 GMT" time="34.641" errors="0">
  <testcase name="validateFlightFinderTest" time="34.641" classname="com.mercury.qa.testcases.FlightFinderTest"/>
</testsuite> <!-- com.mercury.qa.testcases.FlightFinderTest -->
