<?xml version="1.0" encoding="UTF-8"?>
<!-- Generated by org.testng.reporters.JUnitReportReporter -->
<testsuite skipped="6" hostname="DESKTOP-9NH6BU8" name="com.mercury.qa.testcases.LoginPageTest" tests="27" failures="2" timestamp="29 Jul 2018 04:44:18 GMT" time="206.965" errors="0">
  <testcase name="validateTitleTest" time="7.398" classname="com.mercury.qa.testcases.LoginPageTest"/>
  <testcase name="validateSignInLinkPresentTest" time="6.759" classname="com.mercury.qa.testcases.LoginPageTest"/>
  <testcase name="validateRegisterLinkPresentTest" time="7.125" classname="com.mercury.qa.testcases.LoginPageTest"/>
  <testcase name="validateSupportLinkPresentTest" time="7.634" classname="com.mercury.qa.testcases.LoginPageTest"/>
  <testcase name="validateContactLinkPresentTest" time="7.284" classname="com.mercury.qa.testcases.LoginPageTest"/>
  <testcase name="validateHomeLinkPresentTest" time="8.612" classname="com.mercury.qa.testcases.LoginPageTest"/>
  <testcase name="validateFlightsLinkPresentTest" time="6.620" classname="com.mercury.qa.testcases.LoginPageTest"/>
  <testcase name="validateHotelsLinkPresentTest" time="7.046" classname="com.mercury.qa.testcases.LoginPageTest"/>
  <testcase name="validateCarRentalsLinkPresentTest" time="6.426" classname="com.mercury.qa.testcases.LoginPageTest"/>
  <testcase name="validateCruisesLinkPresentTest" time="6.908" classname="com.mercury.qa.testcases.LoginPageTest"/>
  <testcase name="validateDestinationsLinkPresentTest" time="7.085" classname="com.mercury.qa.testcases.LoginPageTest"/>
  <testcase name="validateVacationsLinkPresentTest" time="6.513" classname="com.mercury.qa.testcases.LoginPageTest"/>
  <testcase name="validateLogoPresentTest" time="6.618" classname="com.mercury.qa.testcases.LoginPageTest"/>
  <testcase name="validateClickOnSignInLinkTest" time="7.667" classname="com.mercury.qa.testcases.LoginPageTest"/>
  <testcase name="validateClickOnRegisterLinkTest" time="8.089" classname="com.mercury.qa.testcases.LoginPageTest"/>
  <testcase name="validateClickOnSupportLinkTest" time="7.813" classname="com.mercury.qa.testcases.LoginPageTest">
    <skipped/>
  </testcase> <!-- validateClickOnSupportLinkTest -->
  <testcase name="validateClickOnSupportLinkTest" time="8.448" classname="com.mercury.qa.testcases.LoginPageTest">
    <failure type="java.lang.AssertionError" message="expected [Support: Mercury Tours] but found [Under Construction: Mercury Tours]">
      <![CDATA[java.lang.AssertionError: expected [Support: Mercury Tours] but found [Under Construction: Mercury Tours]
at org.testng.Assert.fail(Assert.java:96)
at org.testng.Assert.failNotEquals(Assert.java:776)
at org.testng.Assert.assertEqualsImpl(Assert.java:137)
at org.testng.Assert.assertEquals(Assert.java:118)
at org.testng.Assert.assertEquals(Assert.java:453)
at org.testng.Assert.assertEquals(Assert.java:463)
at com.mercury.qa.testcases.LoginPageTest.validateClickOnSupportLinkTest(LoginPageTest.java:172)
at sun.reflect.NativeMethodAccessorImpl.invoke0(Native Method)
at sun.reflect.NativeMethodAccessorImpl.invoke(Unknown Source)
at sun.reflect.DelegatingMethodAccessorImpl.invoke(Unknown Source)
at java.lang.reflect.Method.invoke(Unknown Source)
at org.testng.internal.MethodInvocationHelper.invokeMethod(MethodInvocationHelper.java:124)
at org.testng.internal.Invoker.invokeMethod(Invoker.java:583)
at org.testng.internal.Invoker.retryFailed(Invoker.java:839)
at org.testng.internal.Invoker.invokeTestMethods(Invoker.java:1010)
at org.testng.internal.TestMethodWorker.invokeTestMethods(TestMethodWorker.java:125)
at org.testng.internal.TestMethodWorker.run(TestMethodWorker.java:109)
at org.testng.TestRunner.privateRun(TestRunner.java:648)
at org.testng.TestRunner.run(TestRunner.java:505)
at org.testng.SuiteRunner.runTest(SuiteRunner.java:455)
at org.testng.SuiteRunner.runSequentially(SuiteRunner.java:450)
at org.testng.SuiteRunner.privateRun(SuiteRunner.java:415)
at org.testng.SuiteRunner.run(SuiteRunner.java:364)
at org.testng.SuiteRunnerWorker.runSuite(SuiteRunnerWorker.java:52)
at org.testng.SuiteRunnerWorker.run(SuiteRunnerWorker.java:84)
at org.testng.TestNG.runSuitesSequentially(TestNG.java:1208)
at org.testng.TestNG.runSuitesLocally(TestNG.java:1137)
at org.testng.TestNG.runSuites(TestNG.java:1049)
at org.testng.TestNG.run(TestNG.java:1017)
at org.testng.remote.AbstractRemoteTestNG.run(AbstractRemoteTestNG.java:114)
at org.testng.remote.RemoteTestNG.initAndRun(RemoteTestNG.java:251)
at org.testng.remote.RemoteTestNG.main(RemoteTestNG.java:77)
]]>
    </failure>
  </testcase> <!-- validateClickOnSupportLinkTest -->
  <testcase name="validateClickOnSupportLinkTest" time="7.202" classname="com.mercury.qa.testcases.LoginPageTest">
    <skipped/>
  </testcase> <!-- validateClickOnSupportLinkTest -->
  <testcase name="validateClickOnSupportLinkTest" time="8.225" classname="com.mercury.qa.testcases.LoginPageTest">
    <skipped/>
  </testcase> <!-- validateClickOnSupportLinkTest -->
  <testcase name="validateClickOnContactLinkTest" time="7.516" classname="com.mercury.qa.testcases.LoginPageTest">
    <skipped/>
  </testcase> <!-- validateClickOnContactLinkTest -->
  <testcase name="validateClickOnContactLinkTest" time="7.648" classname="com.mercury.qa.testcases.LoginPageTest">
    <skipped/>
  </testcase> <!-- validateClickOnContactLinkTest -->
  <testcase name="validateClickOnContactLinkTest" time="7.488" classname="com.mercury.qa.testcases.LoginPageTest">
    <failure type="java.lang.AssertionError" message="expected [Contact: Mercury Tours] but found [Under Construction: Mercury Tours]">
      <![CDATA[java.lang.AssertionError: expected [Contact: Mercury Tours] but found [Under Construction: Mercury Tours]
at org.testng.Assert.fail(Assert.java:96)
at org.testng.Assert.failNotEquals(Assert.java:776)
at org.testng.Assert.assertEqualsImpl(Assert.java:137)
at org.testng.Assert.assertEquals(Assert.java:118)
at org.testng.Assert.assertEquals(Assert.java:453)
at org.testng.Assert.assertEquals(Assert.java:463)
at com.mercury.qa.testcases.LoginPageTest.validateClickOnContactLinkTest(LoginPageTest.java:181)
at sun.reflect.NativeMethodAccessorImpl.invoke0(Native Method)
at sun.reflect.NativeMethodAccessorImpl.invoke(Unknown Source)
at sun.reflect.DelegatingMethodAccessorImpl.invoke(Unknown Source)
at java.lang.reflect.Method.invoke(Unknown Source)
at org.testng.internal.MethodInvocationHelper.invokeMethod(MethodInvocationHelper.java:124)
at org.testng.internal.Invoker.invokeMethod(Invoker.java:583)
at org.testng.internal.Invoker.retryFailed(Invoker.java:839)
at org.testng.internal.Invoker.invokeTestMethods(Invoker.java:1010)
at org.testng.internal.TestMethodWorker.invokeTestMethods(TestMethodWorker.java:125)
at org.testng.internal.TestMethodWorker.run(TestMethodWorker.java:109)
at org.testng.TestRunner.privateRun(TestRunner.java:648)
at org.testng.TestRunner.run(TestRunner.java:505)
at org.testng.SuiteRunner.runTest(SuiteRunner.java:455)
at org.testng.SuiteRunner.runSequentially(SuiteRunner.java:450)
at org.testng.SuiteRunner.privateRun(SuiteRunner.java:415)
at org.testng.SuiteRunner.run(SuiteRunner.java:364)
at org.testng.SuiteRunnerWorker.runSuite(SuiteRunnerWorker.java:52)
at org.testng.SuiteRunnerWorker.run(SuiteRunnerWorker.java:84)
at org.testng.TestNG.runSuitesSequentially(TestNG.java:1208)
at org.testng.TestNG.runSuitesLocally(TestNG.java:1137)
at org.testng.TestNG.runSuites(TestNG.java:1049)
at org.testng.TestNG.run(TestNG.java:1017)
at org.testng.remote.AbstractRemoteTestNG.run(AbstractRemoteTestNG.java:114)
at org.testng.remote.RemoteTestNG.initAndRun(RemoteTestNG.java:251)
at org.testng.remote.RemoteTestNG.main(RemoteTestNG.java:77)
]]>
    </failure>
  </testcase> <!-- validateClickOnContactLinkTest -->
  <testcase name="validateClickOnContactLinkTest" time="9.084" classname="com.mercury.qa.testcases.LoginPageTest">
    <skipped/>
  </testcase> <!-- validateClickOnContactLinkTest -->
  <testcase name="validateInvalidLoginTest" time="8.347" classname="com.mercury.qa.testcases.LoginPageTest"/>
  <testcase name="validateInvalidLoginTest" time="8.398" classname="com.mercury.qa.testcases.LoginPageTest"/>
  <testcase name="validateInvalidLoginTest" time="8.301" classname="com.mercury.qa.testcases.LoginPageTest"/>
  <testcase name="validateValidLoginTest" time="10.711" classname="com.mercury.qa.testcases.LoginPageTest"/>
</testsuite> <!-- com.mercury.qa.testcases.LoginPageTest -->
