<?xml version="1.0" encoding="UTF-8"?>
<!-- Generated by org.testng.reporters.JUnitReportReporter -->
<testsuite skipped="0" hostname="DESKTOP-9NH6BU8" name="com.mercury.qa.testcases.SelectFlightTest" tests="1" failures="0" timestamp="24 Jul 2018 18:02:44 GMT" time="20.379" errors="0">
  <testcase name="validateDepartReturnFlightSelection" time="20.379" classname="com.mercury.qa.testcases.SelectFlightTest"/>
</testsuite> <!-- com.mercury.qa.testcases.SelectFlightTest -->
