<?xml version="1.0" encoding="UTF-8"?>
<!-- Generated by org.testng.reporters.JUnitReportReporter -->
<testsuite skipped="0" hostname="DESKTOP-9NH6BU8" name="com.mercury.qa.testcases.BookFlightTest" tests="1" failures="0" timestamp="25 Jul 2018 17:59:02 GMT" time="21.049" errors="0">
  <testcase name="validateSummaryTest" time="21.049" classname="com.mercury.qa.testcases.BookFlightTest"/>
</testsuite> <!-- com.mercury.qa.testcases.BookFlightTest -->
