<?xml version="1.0" encoding="UTF-8"?>
<!-- Generated by org.testng.reporters.JUnitReportReporter -->
<testsuite skipped="0" hostname="DESKTOP-9NH6BU8" name="com.mercury.qa.testcases.FlightFinderTest" tests="1" failures="0" timestamp="25 Jul 2018 17:59:03 GMT" time="16.298" errors="0">
  <testcase name="validateFlightFinderTest" time="16.298" classname="com.mercury.qa.testcases.FlightFinderTest"/>
</testsuite> <!-- com.mercury.qa.testcases.FlightFinderTest -->
