<?xml version="1.0" encoding="UTF-8"?>
<!-- Generated by org.testng.reporters.JUnitReportReporter -->
<testsuite skipped="0" hostname="DESKTOP-9NH6BU8" name="com.mercury.qa.testcases.BookFlightTest" tests="1" failures="0" timestamp="24 Jul 2018 18:02:44 GMT" time="27.510" errors="0">
  <testcase name="validateSummaryTest" time="27.510" classname="com.mercury.qa.testcases.BookFlightTest"/>
</testsuite> <!-- com.mercury.qa.testcases.BookFlightTest -->
