<?xml version="1.0" encoding="UTF-8"?>
<!-- Generated by org.testng.reporters.JUnitReportReporter -->
<testsuite skipped="0" hostname="DESKTOP-9NH6BU8" name="com.mercury.qa.testcases.BookFlightTest" tests="2" failures="0" timestamp="28 Jul 2018 17:42:12 GMT" time="43.397" errors="0">
  <testcase name="validateSummaryTest" time="18.061" classname="com.mercury.qa.testcases.BookFlightTest"/>
  <testcase name="validateFlightBookingTest" time="25.336" classname="com.mercury.qa.testcases.BookFlightTest"/>
</testsuite> <!-- com.mercury.qa.testcases.BookFlightTest -->
