<?xml version="1.0" encoding="UTF-8"?>
<!-- Generated by org.testng.reporters.JUnitReportReporter -->
<testsuite skipped="0" hostname="DESKTOP-9NH6BU8" name="com.mercury.qa.testcases.BookFlightTest" tests="2" failures="0" timestamp="29 Jul 2018 04:44:18 GMT" time="37.086" errors="0">
  <testcase name="validateSummaryTest" time="16.459" classname="com.mercury.qa.testcases.BookFlightTest"/>
  <testcase name="validateFlightBookingTest" time="20.627" classname="com.mercury.qa.testcases.BookFlightTest"/>
</testsuite> <!-- com.mercury.qa.testcases.BookFlightTest -->
