<?xml version="1.0" encoding="UTF-8"?>
<!-- Generated by org.testng.reporters.JUnitReportReporter -->
<testsuite skipped="0" hostname="DESKTOP-9NH6BU8" name="com.mercury.qa.testcases.SelectFlightTest" tests="1" failures="0" timestamp="25 Jul 2018 17:59:03 GMT" time="20.364" errors="0">
  <testcase name="validateDepartReturnFlightSelection" time="20.364" classname="com.mercury.qa.testcases.SelectFlightTest"/>
</testsuite> <!-- com.mercury.qa.testcases.SelectFlightTest -->
