<?xml version="1.0" encoding="UTF-8"?>
<!-- Generated by org.testng.reporters.JUnitReportReporter -->
<testsuite skipped="0" hostname="DESKTOP-9NH6BU8" name="com.mercury.qa.testcases.BookFlightTest" tests="2" failures="0" timestamp="29 Jul 2018 06:23:03 GMT" time="43.486" errors="0">
  <testcase name="validateSummaryTest" time="19.502" classname="com.mercury.qa.testcases.BookFlightTest"/>
  <testcase name="validateFlightBookingTest" time="23.984" classname="com.mercury.qa.testcases.BookFlightTest"/>
</testsuite> <!-- com.mercury.qa.testcases.BookFlightTest -->
