<?xml version="1.0" encoding="UTF-8"?>
<!-- Generated by org.testng.reporters.JUnitReportReporter -->
<testsuite skipped="0" hostname="DESKTOP-9NH6BU8" name="com.mercury.qa.testcases.FlightFinderTest" tests="1" failures="0" timestamp="29 Jul 2018 06:23:03 GMT" time="15.991" errors="0">
  <testcase name="validateFlightFinderTest" time="15.991" classname="com.mercury.qa.testcases.FlightFinderTest"/>
</testsuite> <!-- com.mercury.qa.testcases.FlightFinderTest -->
